  Proyecto1B.cpp
C:\Users\lopez\OneDrive\Documents\TEC\III_Semestre\Estructura_de_Datos\Proyectos\Proyecto1A-1B\Proyecto1B\Proyecto1B\ListaEnlazada.h(77,12): warning C4244: '=': conversion from 'double' to 'time_t', possible loss of data
  (compiling source file 'Proyecto1B.cpp')
  
C:\Users\lopez\OneDrive\Documents\TEC\III_Semestre\Estructura_de_Datos\Proyectos\Proyecto1A-1B\Proyecto1B\Proyecto1B\ListaEnlazada.h(100,12): warning C4244: '=': conversion from 'double' to 'time_t', possible loss of data
  (compiling source file 'Proyecto1B.cpp')
  
C:\Users\lopez\OneDrive\Documents\TEC\III_Semestre\Estructura_de_Datos\Proyectos\Proyecto1A-1B\Proyecto1B\Proyecto1B\ListaEnlazada.h(140,12): warning C4244: '=': conversion from 'double' to 'time_t', possible loss of data
  (compiling source file 'Proyecto1B.cpp')
  
C:\Users\lopez\OneDrive\Documents\TEC\III_Semestre\Estructura_de_Datos\Proyectos\Proyecto1A-1B\Proyecto1B\Proyecto1B\ListaEnlazada.h(175,12): warning C4244: '=': conversion from 'double' to 'time_t', possible loss of data
  (compiling source file 'Proyecto1B.cpp')
  
C:\Users\lopez\OneDrive\Documents\TEC\III_Semestre\Estructura_de_Datos\Proyectos\Proyecto1A-1B\Proyecto1B\Proyecto1B\AVL.h(202,10): warning C4244: '=': conversion from 'double' to 'time_t', possible loss of data
  (compiling source file 'Proyecto1B.cpp')
  
C:\Users\lopez\OneDrive\Documents\TEC\III_Semestre\Estructura_de_Datos\Proyectos\Proyecto1A-1B\Proyecto1B\Proyecto1B\ArbolBB.h(148,9): warning C4244: '=': conversion from 'double' to 'time_t', possible loss of data
  (compiling source file 'Proyecto1B.cpp')
  
C:\Users\lopez\OneDrive\Documents\TEC\III_Semestre\Estructura_de_Datos\Proyectos\Proyecto1A-1B\Proyecto1B\Proyecto1B\BTREE.h(226,12): warning C4244: '=': conversion from 'double' to 'time_t', possible loss of data
  (compiling source file 'Proyecto1B.cpp')
  
C:\Users\lopez\OneDrive\Documents\TEC\III_Semestre\Estructura_de_Datos\Proyectos\Proyecto1A-1B\Proyecto1B\Proyecto1B\Proyecto1B.cpp(83,21): warning C4244: '=': conversion from 'double' to 'time_t', possible loss of data
C:\Users\lopez\OneDrive\Documents\TEC\III_Semestre\Estructura_de_Datos\Proyectos\Proyecto1A-1B\Proyecto1B\Proyecto1B\Proyecto1B.cpp(94,21): warning C4244: '=': conversion from 'double' to 'time_t', possible loss of data
C:\Users\lopez\OneDrive\Documents\TEC\III_Semestre\Estructura_de_Datos\Proyectos\Proyecto1A-1B\Proyecto1B\Proyecto1B\Proyecto1B.cpp(105,21): warning C4244: '=': conversion from 'double' to 'time_t', possible loss of data
C:\Users\lopez\OneDrive\Documents\TEC\III_Semestre\Estructura_de_Datos\Proyectos\Proyecto1A-1B\Proyecto1B\Proyecto1B\Proyecto1B.cpp(147,21): warning C4244: '=': conversion from 'double' to 'time_t', possible loss of data
C:\Users\lopez\OneDrive\Documents\TEC\III_Semestre\Estructura_de_Datos\Proyectos\Proyecto1A-1B\Proyecto1B\Proyecto1B\Proyecto1B.cpp(166,21): warning C4244: '=': conversion from 'double' to 'time_t', possible loss of data
C:\Users\lopez\OneDrive\Documents\TEC\III_Semestre\Estructura_de_Datos\Proyectos\Proyecto1A-1B\Proyecto1B\Proyecto1B\Proyecto1B.cpp(179,21): warning C4244: '=': conversion from 'double' to 'time_t', possible loss of data
C:\Users\lopez\OneDrive\Documents\TEC\III_Semestre\Estructura_de_Datos\Proyectos\Proyecto1A-1B\Proyecto1B\Proyecto1B\Proyecto1B.cpp(210,21): warning C4244: '=': conversion from 'double' to 'time_t', possible loss of data
C:\Users\lopez\OneDrive\Documents\TEC\III_Semestre\Estructura_de_Datos\Proyectos\Proyecto1A-1B\Proyecto1B\Proyecto1B\Proyecto1B.cpp(221,21): warning C4244: '=': conversion from 'double' to 'time_t', possible loss of data
C:\Users\lopez\OneDrive\Documents\TEC\III_Semestre\Estructura_de_Datos\Proyectos\Proyecto1A-1B\Proyecto1B\Proyecto1B\Proyecto1B.cpp(233,21): warning C4244: '=': conversion from 'double' to 'time_t', possible loss of data
  Proyecto1B.vcxproj -> C:\Users\lopez\OneDrive\Documents\TEC\III_Semestre\Estructura_de_Datos\Proyectos\Proyecto1A-1B\Proyecto1B\x64\Debug\Proyecto1B.exe
